2016-07-23 05:59:14,174 - requests_oauthlib.oauth1_auth - DEBUG - Signing request <PreparedRequest [POST]> using client <Client nonce=None, signature_method=HMAC-SHA1, realm=None, encoding=utf-8, timestamp=None, resource_owner_secret=****, decoding=None, verifier=None, signature_type=AUTH_HEADER, rsa_key=None, resource_owner_key=<enter your access token>, client_secret=****, callback_uri=None, client_key=<enter your consumer key>>
2016-07-23 05:59:14,174 - requests_oauthlib.oauth1_auth - DEBUG - Including body in call to sign: True
2016-07-23 05:59:14,175 - oauthlib.oauth1.rfc5849 - DEBUG - Collected params: [(u'delimited', u'length'), (u'oauth_nonce', u'22523944949160087041469253554'), (u'oauth_timestamp', u'1469253554'), (u'oauth_consumer_key', u'<enter your consumer key>'), (u'oauth_signature_method', u'HMAC-SHA1'), (u'oauth_version', u'1.0'), (u'oauth_token', u'<enter your access token>'), (u'track', u'a,the,i,you,u'), (u'language', u'en')]
2016-07-23 05:59:14,175 - oauthlib.oauth1.rfc5849 - DEBUG - Normalized params: delimited=length&language=en&oauth_consumer_key=%3Center%20your%20consumer%20key%3E&oauth_nonce=22523944949160087041469253554&oauth_signature_method=HMAC-SHA1&oauth_timestamp=1469253554&oauth_token=%3Center%20your%20access%20token%3E&oauth_version=1.0&track=a%2Cthe%2Ci%2Cyou%2Cu
2016-07-23 05:59:14,175 - oauthlib.oauth1.rfc5849 - DEBUG - Normalized URI: https://stream.twitter.com/1.1/statuses/filter.json
2016-07-23 05:59:14,175 - oauthlib.oauth1.rfc5849 - DEBUG - Base signing string: POST&https%3A%2F%2Fstream.twitter.com%2F1.1%2Fstatuses%2Ffilter.json&delimited%3Dlength%26language%3Den%26oauth_consumer_key%3D%253Center%2520your%2520consumer%2520key%253E%26oauth_nonce%3D22523944949160087041469253554%26oauth_signature_method%3DHMAC-SHA1%26oauth_timestamp%3D1469253554%26oauth_token%3D%253Center%2520your%2520access%2520token%253E%26oauth_version%3D1.0%26track%3Da%252Cthe%252Ci%252Cyou%252Cu
2016-07-23 05:59:14,175 - oauthlib.oauth1.rfc5849 - DEBUG - Signature: iW1tyanyH0UVS2AE7f/Bci7GXts=
2016-07-23 05:59:14,176 - requests_oauthlib.oauth1_auth - DEBUG - Updated url: https://stream.twitter.com/1.1/statuses/filter.json?delimited=length
2016-07-23 05:59:14,176 - requests_oauthlib.oauth1_auth - DEBUG - Updated headers: {u'Content-Length': u'39', u'Content-Type': u'application/x-www-form-urlencoded', u'Authorization': u'OAuth oauth_nonce="22523944949160087041469253554", oauth_timestamp="1469253554", oauth_version="1.0", oauth_signature_method="HMAC-SHA1", oauth_consumer_key="%3Center%20your%20consumer%20key%3E", oauth_token="%3Center%20your%20access%20token%3E", oauth_signature="iW1tyanyH0UVS2AE7f%2FBci7GXts%3D"'}
2016-07-23 05:59:14,176 - requests_oauthlib.oauth1_auth - DEBUG - Updated body: u'track=a%2Cthe%2Ci%2Cyou%2Cu&language=en'
2016-07-23 05:59:14,185 - requests.packages.urllib3.connectionpool - INFO - Starting new HTTPS connection (1): stream.twitter.com
2016-07-23 05:59:14,278 - requests.packages.urllib3.connectionpool - DEBUG - "POST /1.1/statuses/filter.json?delimited=length HTTP/1.1" 401 283
2016-07-23 05:59:14,351 - streamparse.storm.component - ERROR - Received EOF while trying to read stdin from Storm, pipe appears to be broken, exiting.
2016-07-23 05:59:19,280 - requests_oauthlib.oauth1_auth - DEBUG - Signing request <PreparedRequest [POST]> using client <Client nonce=None, signature_method=HMAC-SHA1, realm=None, encoding=utf-8, timestamp=None, resource_owner_secret=****, decoding=None, verifier=None, signature_type=AUTH_HEADER, rsa_key=None, resource_owner_key=<enter your access token>, client_secret=****, callback_uri=None, client_key=<enter your consumer key>>
2016-07-23 05:59:19,280 - requests_oauthlib.oauth1_auth - DEBUG - Including body in call to sign: True
2016-07-23 05:59:19,281 - oauthlib.oauth1.rfc5849 - DEBUG - Collected params: [(u'delimited', u'length'), (u'oauth_nonce', u'31975761893588509781469253559'), (u'oauth_timestamp', u'1469253559'), (u'oauth_consumer_key', u'<enter your consumer key>'), (u'oauth_signature_method', u'HMAC-SHA1'), (u'oauth_version', u'1.0'), (u'oauth_token', u'<enter your access token>'), (u'track', u'a,the,i,you,u'), (u'language', u'en')]
2016-07-23 05:59:19,281 - oauthlib.oauth1.rfc5849 - DEBUG - Normalized params: delimited=length&language=en&oauth_consumer_key=%3Center%20your%20consumer%20key%3E&oauth_nonce=31975761893588509781469253559&oauth_signature_method=HMAC-SHA1&oauth_timestamp=1469253559&oauth_token=%3Center%20your%20access%20token%3E&oauth_version=1.0&track=a%2Cthe%2Ci%2Cyou%2Cu
2016-07-23 05:59:19,281 - oauthlib.oauth1.rfc5849 - DEBUG - Normalized URI: https://stream.twitter.com/1.1/statuses/filter.json
2016-07-23 05:59:19,282 - oauthlib.oauth1.rfc5849 - DEBUG - Base signing string: POST&https%3A%2F%2Fstream.twitter.com%2F1.1%2Fstatuses%2Ffilter.json&delimited%3Dlength%26language%3Den%26oauth_consumer_key%3D%253Center%2520your%2520consumer%2520key%253E%26oauth_nonce%3D31975761893588509781469253559%26oauth_signature_method%3DHMAC-SHA1%26oauth_timestamp%3D1469253559%26oauth_token%3D%253Center%2520your%2520access%2520token%253E%26oauth_version%3D1.0%26track%3Da%252Cthe%252Ci%252Cyou%252Cu
2016-07-23 05:59:19,282 - oauthlib.oauth1.rfc5849 - DEBUG - Signature: QwR+sQZbINBYvjkTsyyy1TouJvA=
2016-07-23 05:59:19,282 - requests_oauthlib.oauth1_auth - DEBUG - Updated url: https://stream.twitter.com/1.1/statuses/filter.json?delimited=length
2016-07-23 05:59:19,282 - requests_oauthlib.oauth1_auth - DEBUG - Updated headers: {u'Content-Length': u'39', u'Content-Type': u'application/x-www-form-urlencoded', u'Authorization': u'OAuth oauth_nonce="31975761893588509781469253559", oauth_timestamp="1469253559", oauth_version="1.0", oauth_signature_method="HMAC-SHA1", oauth_consumer_key="%3Center%20your%20consumer%20key%3E", oauth_token="%3Center%20your%20access%20token%3E", oauth_signature="QwR%2BsQZbINBYvjkTsyyy1TouJvA%3D"'}
2016-07-23 05:59:19,282 - requests_oauthlib.oauth1_auth - DEBUG - Updated body: u'track=a%2Cthe%2Ci%2Cyou%2Cu&language=en'
2016-07-23 05:59:19,283 - requests.packages.urllib3.connectionpool - INFO - Starting new HTTPS connection (2): stream.twitter.com
2016-07-23 05:59:19,361 - requests.packages.urllib3.connectionpool - DEBUG - "POST /1.1/statuses/filter.json?delimited=length HTTP/1.1" 401 283
2016-07-23 05:59:29,366 - requests_oauthlib.oauth1_auth - DEBUG - Signing request <PreparedRequest [POST]> using client <Client nonce=None, signature_method=HMAC-SHA1, realm=None, encoding=utf-8, timestamp=None, resource_owner_secret=****, decoding=None, verifier=None, signature_type=AUTH_HEADER, rsa_key=None, resource_owner_key=<enter your access token>, client_secret=****, callback_uri=None, client_key=<enter your consumer key>>
2016-07-23 05:59:29,366 - requests_oauthlib.oauth1_auth - DEBUG - Including body in call to sign: True
2016-07-23 05:59:29,367 - oauthlib.oauth1.rfc5849 - DEBUG - Collected params: [(u'delimited', u'length'), (u'oauth_nonce', u'152087722925108911931469253569'), (u'oauth_timestamp', u'1469253569'), (u'oauth_consumer_key', u'<enter your consumer key>'), (u'oauth_signature_method', u'HMAC-SHA1'), (u'oauth_version', u'1.0'), (u'oauth_token', u'<enter your access token>'), (u'track', u'a,the,i,you,u'), (u'language', u'en')]
2016-07-23 05:59:29,367 - oauthlib.oauth1.rfc5849 - DEBUG - Normalized params: delimited=length&language=en&oauth_consumer_key=%3Center%20your%20consumer%20key%3E&oauth_nonce=152087722925108911931469253569&oauth_signature_method=HMAC-SHA1&oauth_timestamp=1469253569&oauth_token=%3Center%20your%20access%20token%3E&oauth_version=1.0&track=a%2Cthe%2Ci%2Cyou%2Cu
2016-07-23 05:59:29,367 - oauthlib.oauth1.rfc5849 - DEBUG - Normalized URI: https://stream.twitter.com/1.1/statuses/filter.json
2016-07-23 05:59:29,367 - oauthlib.oauth1.rfc5849 - DEBUG - Base signing string: POST&https%3A%2F%2Fstream.twitter.com%2F1.1%2Fstatuses%2Ffilter.json&delimited%3Dlength%26language%3Den%26oauth_consumer_key%3D%253Center%2520your%2520consumer%2520key%253E%26oauth_nonce%3D152087722925108911931469253569%26oauth_signature_method%3DHMAC-SHA1%26oauth_timestamp%3D1469253569%26oauth_token%3D%253Center%2520your%2520access%2520token%253E%26oauth_version%3D1.0%26track%3Da%252Cthe%252Ci%252Cyou%252Cu
2016-07-23 05:59:29,368 - oauthlib.oauth1.rfc5849 - DEBUG - Signature: vUVCeqxe2nQoc8ld+hKwtEWFFzI=
2016-07-23 05:59:29,368 - requests_oauthlib.oauth1_auth - DEBUG - Updated url: https://stream.twitter.com/1.1/statuses/filter.json?delimited=length
2016-07-23 05:59:29,368 - requests_oauthlib.oauth1_auth - DEBUG - Updated headers: {u'Content-Length': u'39', u'Content-Type': u'application/x-www-form-urlencoded', u'Authorization': u'OAuth oauth_nonce="152087722925108911931469253569", oauth_timestamp="1469253569", oauth_version="1.0", oauth_signature_method="HMAC-SHA1", oauth_consumer_key="%3Center%20your%20consumer%20key%3E", oauth_token="%3Center%20your%20access%20token%3E", oauth_signature="vUVCeqxe2nQoc8ld%2BhKwtEWFFzI%3D"'}
2016-07-23 05:59:29,368 - requests_oauthlib.oauth1_auth - DEBUG - Updated body: u'track=a%2Cthe%2Ci%2Cyou%2Cu&language=en'
2016-07-23 05:59:29,369 - requests.packages.urllib3.connectionpool - INFO - Starting new HTTPS connection (3): stream.twitter.com
2016-07-23 05:59:29,438 - requests.packages.urllib3.connectionpool - DEBUG - "POST /1.1/statuses/filter.json?delimited=length HTTP/1.1" 401 283
2016-07-23 05:59:49,461 - requests_oauthlib.oauth1_auth - DEBUG - Signing request <PreparedRequest [POST]> using client <Client nonce=None, signature_method=HMAC-SHA1, realm=None, encoding=utf-8, timestamp=None, resource_owner_secret=****, decoding=None, verifier=None, signature_type=AUTH_HEADER, rsa_key=None, resource_owner_key=<enter your access token>, client_secret=****, callback_uri=None, client_key=<enter your consumer key>>
2016-07-23 05:59:49,462 - requests_oauthlib.oauth1_auth - DEBUG - Including body in call to sign: True
2016-07-23 05:59:49,462 - oauthlib.oauth1.rfc5849 - DEBUG - Collected params: [(u'delimited', u'length'), (u'oauth_nonce', u'183087597509568937001469253589'), (u'oauth_timestamp', u'1469253589'), (u'oauth_consumer_key', u'<enter your consumer key>'), (u'oauth_signature_method', u'HMAC-SHA1'), (u'oauth_version', u'1.0'), (u'oauth_token', u'<enter your access token>'), (u'track', u'a,the,i,you,u'), (u'language', u'en')]
2016-07-23 05:59:49,463 - oauthlib.oauth1.rfc5849 - DEBUG - Normalized params: delimited=length&language=en&oauth_consumer_key=%3Center%20your%20consumer%20key%3E&oauth_nonce=183087597509568937001469253589&oauth_signature_method=HMAC-SHA1&oauth_timestamp=1469253589&oauth_token=%3Center%20your%20access%20token%3E&oauth_version=1.0&track=a%2Cthe%2Ci%2Cyou%2Cu
2016-07-23 05:59:49,463 - oauthlib.oauth1.rfc5849 - DEBUG - Normalized URI: https://stream.twitter.com/1.1/statuses/filter.json
2016-07-23 05:59:49,463 - oauthlib.oauth1.rfc5849 - DEBUG - Base signing string: POST&https%3A%2F%2Fstream.twitter.com%2F1.1%2Fstatuses%2Ffilter.json&delimited%3Dlength%26language%3Den%26oauth_consumer_key%3D%253Center%2520your%2520consumer%2520key%253E%26oauth_nonce%3D183087597509568937001469253589%26oauth_signature_method%3DHMAC-SHA1%26oauth_timestamp%3D1469253589%26oauth_token%3D%253Center%2520your%2520access%2520token%253E%26oauth_version%3D1.0%26track%3Da%252Cthe%252Ci%252Cyou%252Cu
2016-07-23 05:59:49,471 - oauthlib.oauth1.rfc5849 - DEBUG - Signature: koypmE5P16gzhiQhI3xVEfg3B0M=
2016-07-23 05:59:49,471 - requests_oauthlib.oauth1_auth - DEBUG - Updated url: https://stream.twitter.com/1.1/statuses/filter.json?delimited=length
2016-07-23 05:59:49,472 - requests_oauthlib.oauth1_auth - DEBUG - Updated headers: {u'Content-Length': u'39', u'Content-Type': u'application/x-www-form-urlencoded', u'Authorization': u'OAuth oauth_nonce="183087597509568937001469253589", oauth_timestamp="1469253589", oauth_version="1.0", oauth_signature_method="HMAC-SHA1", oauth_consumer_key="%3Center%20your%20consumer%20key%3E", oauth_token="%3Center%20your%20access%20token%3E", oauth_signature="koypmE5P16gzhiQhI3xVEfg3B0M%3D"'}
2016-07-23 05:59:49,472 - requests_oauthlib.oauth1_auth - DEBUG - Updated body: u'track=a%2Cthe%2Ci%2Cyou%2Cu&language=en'
2016-07-23 05:59:49,472 - requests.packages.urllib3.connectionpool - INFO - Starting new HTTPS connection (4): stream.twitter.com
2016-07-23 05:59:49,539 - requests.packages.urllib3.connectionpool - DEBUG - "POST /1.1/statuses/filter.json?delimited=length HTTP/1.1" 401 283
2016-07-23 06:00:29,577 - requests_oauthlib.oauth1_auth - DEBUG - Signing request <PreparedRequest [POST]> using client <Client nonce=None, signature_method=HMAC-SHA1, realm=None, encoding=utf-8, timestamp=None, resource_owner_secret=****, decoding=None, verifier=None, signature_type=AUTH_HEADER, rsa_key=None, resource_owner_key=<enter your access token>, client_secret=****, callback_uri=None, client_key=<enter your consumer key>>
2016-07-23 06:00:29,578 - requests_oauthlib.oauth1_auth - DEBUG - Including body in call to sign: True
2016-07-23 06:00:29,579 - oauthlib.oauth1.rfc5849 - DEBUG - Collected params: [(u'delimited', u'length'), (u'oauth_nonce', u'8747300883359060071469253629'), (u'oauth_timestamp', u'1469253629'), (u'oauth_consumer_key', u'<enter your consumer key>'), (u'oauth_signature_method', u'HMAC-SHA1'), (u'oauth_version', u'1.0'), (u'oauth_token', u'<enter your access token>'), (u'track', u'a,the,i,you,u'), (u'language', u'en')]
2016-07-23 06:00:29,579 - oauthlib.oauth1.rfc5849 - DEBUG - Normalized params: delimited=length&language=en&oauth_consumer_key=%3Center%20your%20consumer%20key%3E&oauth_nonce=8747300883359060071469253629&oauth_signature_method=HMAC-SHA1&oauth_timestamp=1469253629&oauth_token=%3Center%20your%20access%20token%3E&oauth_version=1.0&track=a%2Cthe%2Ci%2Cyou%2Cu
2016-07-23 06:00:29,579 - oauthlib.oauth1.rfc5849 - DEBUG - Normalized URI: https://stream.twitter.com/1.1/statuses/filter.json
2016-07-23 06:00:29,579 - oauthlib.oauth1.rfc5849 - DEBUG - Base signing string: POST&https%3A%2F%2Fstream.twitter.com%2F1.1%2Fstatuses%2Ffilter.json&delimited%3Dlength%26language%3Den%26oauth_consumer_key%3D%253Center%2520your%2520consumer%2520key%253E%26oauth_nonce%3D8747300883359060071469253629%26oauth_signature_method%3DHMAC-SHA1%26oauth_timestamp%3D1469253629%26oauth_token%3D%253Center%2520your%2520access%2520token%253E%26oauth_version%3D1.0%26track%3Da%252Cthe%252Ci%252Cyou%252Cu
2016-07-23 06:00:29,579 - oauthlib.oauth1.rfc5849 - DEBUG - Signature: hQjZvOvfRbpFrPitN4t/QQvnGK0=
2016-07-23 06:00:29,580 - requests_oauthlib.oauth1_auth - DEBUG - Updated url: https://stream.twitter.com/1.1/statuses/filter.json?delimited=length
2016-07-23 06:00:29,580 - requests_oauthlib.oauth1_auth - DEBUG - Updated headers: {u'Content-Length': u'39', u'Content-Type': u'application/x-www-form-urlencoded', u'Authorization': u'OAuth oauth_nonce="8747300883359060071469253629", oauth_timestamp="1469253629", oauth_version="1.0", oauth_signature_method="HMAC-SHA1", oauth_consumer_key="%3Center%20your%20consumer%20key%3E", oauth_token="%3Center%20your%20access%20token%3E", oauth_signature="hQjZvOvfRbpFrPitN4t%2FQQvnGK0%3D"'}
2016-07-23 06:00:29,580 - requests_oauthlib.oauth1_auth - DEBUG - Updated body: u'track=a%2Cthe%2Ci%2Cyou%2Cu&language=en'
2016-07-23 06:00:29,580 - requests.packages.urllib3.connectionpool - INFO - Starting new HTTPS connection (5): stream.twitter.com
2016-07-23 06:00:29,650 - requests.packages.urllib3.connectionpool - DEBUG - "POST /1.1/statuses/filter.json?delimited=length HTTP/1.1" 401 283
2016-07-23 06:01:49,733 - requests_oauthlib.oauth1_auth - DEBUG - Signing request <PreparedRequest [POST]> using client <Client nonce=None, signature_method=HMAC-SHA1, realm=None, encoding=utf-8, timestamp=None, resource_owner_secret=****, decoding=None, verifier=None, signature_type=AUTH_HEADER, rsa_key=None, resource_owner_key=<enter your access token>, client_secret=****, callback_uri=None, client_key=<enter your consumer key>>
2016-07-23 06:01:49,734 - requests_oauthlib.oauth1_auth - DEBUG - Including body in call to sign: True
2016-07-23 06:01:49,734 - oauthlib.oauth1.rfc5849 - DEBUG - Collected params: [(u'delimited', u'length'), (u'oauth_nonce', u'133216498381056700811469253709'), (u'oauth_timestamp', u'1469253709'), (u'oauth_consumer_key', u'<enter your consumer key>'), (u'oauth_signature_method', u'HMAC-SHA1'), (u'oauth_version', u'1.0'), (u'oauth_token', u'<enter your access token>'), (u'track', u'a,the,i,you,u'), (u'language', u'en')]
2016-07-23 06:01:49,735 - oauthlib.oauth1.rfc5849 - DEBUG - Normalized params: delimited=length&language=en&oauth_consumer_key=%3Center%20your%20consumer%20key%3E&oauth_nonce=133216498381056700811469253709&oauth_signature_method=HMAC-SHA1&oauth_timestamp=1469253709&oauth_token=%3Center%20your%20access%20token%3E&oauth_version=1.0&track=a%2Cthe%2Ci%2Cyou%2Cu
2016-07-23 06:01:49,735 - oauthlib.oauth1.rfc5849 - DEBUG - Normalized URI: https://stream.twitter.com/1.1/statuses/filter.json
2016-07-23 06:01:49,735 - oauthlib.oauth1.rfc5849 - DEBUG - Base signing string: POST&https%3A%2F%2Fstream.twitter.com%2F1.1%2Fstatuses%2Ffilter.json&delimited%3Dlength%26language%3Den%26oauth_consumer_key%3D%253Center%2520your%2520consumer%2520key%253E%26oauth_nonce%3D133216498381056700811469253709%26oauth_signature_method%3DHMAC-SHA1%26oauth_timestamp%3D1469253709%26oauth_token%3D%253Center%2520your%2520access%2520token%253E%26oauth_version%3D1.0%26track%3Da%252Cthe%252Ci%252Cyou%252Cu
2016-07-23 06:01:49,735 - oauthlib.oauth1.rfc5849 - DEBUG - Signature: WyrKge5e2itQ0a1AnpKYMj6c33Y=
2016-07-23 06:01:49,735 - requests_oauthlib.oauth1_auth - DEBUG - Updated url: https://stream.twitter.com/1.1/statuses/filter.json?delimited=length
2016-07-23 06:01:49,736 - requests_oauthlib.oauth1_auth - DEBUG - Updated headers: {u'Content-Length': u'39', u'Content-Type': u'application/x-www-form-urlencoded', u'Authorization': u'OAuth oauth_nonce="133216498381056700811469253709", oauth_timestamp="1469253709", oauth_version="1.0", oauth_signature_method="HMAC-SHA1", oauth_consumer_key="%3Center%20your%20consumer%20key%3E", oauth_token="%3Center%20your%20access%20token%3E", oauth_signature="WyrKge5e2itQ0a1AnpKYMj6c33Y%3D"'}
2016-07-23 06:01:49,736 - requests_oauthlib.oauth1_auth - DEBUG - Updated body: u'track=a%2Cthe%2Ci%2Cyou%2Cu&language=en'
2016-07-23 06:01:49,736 - requests.packages.urllib3.connectionpool - INFO - Starting new HTTPS connection (6): stream.twitter.com
2016-07-23 06:01:49,806 - requests.packages.urllib3.connectionpool - DEBUG - "POST /1.1/statuses/filter.json?delimited=length HTTP/1.1" 401 283
2016-07-23 06:04:29,909 - requests_oauthlib.oauth1_auth - DEBUG - Signing request <PreparedRequest [POST]> using client <Client nonce=None, signature_method=HMAC-SHA1, realm=None, encoding=utf-8, timestamp=None, resource_owner_secret=****, decoding=None, verifier=None, signature_type=AUTH_HEADER, rsa_key=None, resource_owner_key=<enter your access token>, client_secret=****, callback_uri=None, client_key=<enter your consumer key>>
2016-07-23 06:04:29,909 - requests_oauthlib.oauth1_auth - DEBUG - Including body in call to sign: True
2016-07-23 06:04:29,910 - oauthlib.oauth1.rfc5849 - DEBUG - Collected params: [(u'delimited', u'length'), (u'oauth_nonce', u'120790849071003148291469253869'), (u'oauth_timestamp', u'1469253869'), (u'oauth_consumer_key', u'<enter your consumer key>'), (u'oauth_signature_method', u'HMAC-SHA1'), (u'oauth_version', u'1.0'), (u'oauth_token', u'<enter your access token>'), (u'track', u'a,the,i,you,u'), (u'language', u'en')]
2016-07-23 06:04:29,910 - oauthlib.oauth1.rfc5849 - DEBUG - Normalized params: delimited=length&language=en&oauth_consumer_key=%3Center%20your%20consumer%20key%3E&oauth_nonce=120790849071003148291469253869&oauth_signature_method=HMAC-SHA1&oauth_timestamp=1469253869&oauth_token=%3Center%20your%20access%20token%3E&oauth_version=1.0&track=a%2Cthe%2Ci%2Cyou%2Cu
2016-07-23 06:04:29,910 - oauthlib.oauth1.rfc5849 - DEBUG - Normalized URI: https://stream.twitter.com/1.1/statuses/filter.json
2016-07-23 06:04:29,911 - oauthlib.oauth1.rfc5849 - DEBUG - Base signing string: POST&https%3A%2F%2Fstream.twitter.com%2F1.1%2Fstatuses%2Ffilter.json&delimited%3Dlength%26language%3Den%26oauth_consumer_key%3D%253Center%2520your%2520consumer%2520key%253E%26oauth_nonce%3D120790849071003148291469253869%26oauth_signature_method%3DHMAC-SHA1%26oauth_timestamp%3D1469253869%26oauth_token%3D%253Center%2520your%2520access%2520token%253E%26oauth_version%3D1.0%26track%3Da%252Cthe%252Ci%252Cyou%252Cu
2016-07-23 06:04:29,911 - oauthlib.oauth1.rfc5849 - DEBUG - Signature: +Dc/sqCCF9i3o/vn0ZFGgjjiFqk=
2016-07-23 06:04:29,911 - requests_oauthlib.oauth1_auth - DEBUG - Updated url: https://stream.twitter.com/1.1/statuses/filter.json?delimited=length
2016-07-23 06:04:29,911 - requests_oauthlib.oauth1_auth - DEBUG - Updated headers: {u'Content-Length': u'39', u'Content-Type': u'application/x-www-form-urlencoded', u'Authorization': u'OAuth oauth_nonce="120790849071003148291469253869", oauth_timestamp="1469253869", oauth_version="1.0", oauth_signature_method="HMAC-SHA1", oauth_consumer_key="%3Center%20your%20consumer%20key%3E", oauth_token="%3Center%20your%20access%20token%3E", oauth_signature="%2BDc%2FsqCCF9i3o%2Fvn0ZFGgjjiFqk%3D"'}
2016-07-23 06:04:29,911 - requests_oauthlib.oauth1_auth - DEBUG - Updated body: u'track=a%2Cthe%2Ci%2Cyou%2Cu&language=en'
2016-07-23 06:04:29,912 - requests.packages.urllib3.connectionpool - INFO - Starting new HTTPS connection (7): stream.twitter.com
2016-07-23 06:04:29,992 - requests.packages.urllib3.connectionpool - DEBUG - "POST /1.1/statuses/filter.json?delimited=length HTTP/1.1" 401 283
2016-07-23 06:09:50,087 - requests_oauthlib.oauth1_auth - DEBUG - Signing request <PreparedRequest [POST]> using client <Client nonce=None, signature_method=HMAC-SHA1, realm=None, encoding=utf-8, timestamp=None, resource_owner_secret=****, decoding=None, verifier=None, signature_type=AUTH_HEADER, rsa_key=None, resource_owner_key=<enter your access token>, client_secret=****, callback_uri=None, client_key=<enter your consumer key>>
2016-07-23 06:09:50,088 - requests_oauthlib.oauth1_auth - DEBUG - Including body in call to sign: True
2016-07-23 06:09:50,088 - oauthlib.oauth1.rfc5849 - DEBUG - Collected params: [(u'delimited', u'length'), (u'oauth_nonce', u'32249465353341960021469254190'), (u'oauth_timestamp', u'1469254190'), (u'oauth_consumer_key', u'<enter your consumer key>'), (u'oauth_signature_method', u'HMAC-SHA1'), (u'oauth_version', u'1.0'), (u'oauth_token', u'<enter your access token>'), (u'track', u'a,the,i,you,u'), (u'language', u'en')]
2016-07-23 06:09:50,089 - oauthlib.oauth1.rfc5849 - DEBUG - Normalized params: delimited=length&language=en&oauth_consumer_key=%3Center%20your%20consumer%20key%3E&oauth_nonce=32249465353341960021469254190&oauth_signature_method=HMAC-SHA1&oauth_timestamp=1469254190&oauth_token=%3Center%20your%20access%20token%3E&oauth_version=1.0&track=a%2Cthe%2Ci%2Cyou%2Cu
2016-07-23 06:09:50,089 - oauthlib.oauth1.rfc5849 - DEBUG - Normalized URI: https://stream.twitter.com/1.1/statuses/filter.json
2016-07-23 06:09:50,089 - oauthlib.oauth1.rfc5849 - DEBUG - Base signing string: POST&https%3A%2F%2Fstream.twitter.com%2F1.1%2Fstatuses%2Ffilter.json&delimited%3Dlength%26language%3Den%26oauth_consumer_key%3D%253Center%2520your%2520consumer%2520key%253E%26oauth_nonce%3D32249465353341960021469254190%26oauth_signature_method%3DHMAC-SHA1%26oauth_timestamp%3D1469254190%26oauth_token%3D%253Center%2520your%2520access%2520token%253E%26oauth_version%3D1.0%26track%3Da%252Cthe%252Ci%252Cyou%252Cu
2016-07-23 06:09:50,089 - oauthlib.oauth1.rfc5849 - DEBUG - Signature: fwj00Y+KpzUorymp+4YoK4+KMqo=
2016-07-23 06:09:50,089 - requests_oauthlib.oauth1_auth - DEBUG - Updated url: https://stream.twitter.com/1.1/statuses/filter.json?delimited=length
2016-07-23 06:09:50,090 - requests_oauthlib.oauth1_auth - DEBUG - Updated headers: {u'Content-Length': u'39', u'Content-Type': u'application/x-www-form-urlencoded', u'Authorization': u'OAuth oauth_nonce="32249465353341960021469254190", oauth_timestamp="1469254190", oauth_version="1.0", oauth_signature_method="HMAC-SHA1", oauth_consumer_key="%3Center%20your%20consumer%20key%3E", oauth_token="%3Center%20your%20access%20token%3E", oauth_signature="fwj00Y%2BKpzUorymp%2B4YoK4%2BKMqo%3D"'}
2016-07-23 06:09:50,090 - requests_oauthlib.oauth1_auth - DEBUG - Updated body: u'track=a%2Cthe%2Ci%2Cyou%2Cu&language=en'
2016-07-23 06:09:50,090 - requests.packages.urllib3.connectionpool - INFO - Starting new HTTPS connection (8): stream.twitter.com
2016-07-23 06:09:50,174 - requests.packages.urllib3.connectionpool - DEBUG - "POST /1.1/statuses/filter.json?delimited=length HTTP/1.1" 401 283
