2016-07-23 06:11:31,898 - requests_oauthlib.oauth1_auth - DEBUG - Signing request <PreparedRequest [POST]> using client <Client nonce=None, signature_method=HMAC-SHA1, realm=None, encoding=utf-8, timestamp=None, resource_owner_secret=****, decoding=None, verifier=None, signature_type=AUTH_HEADER, rsa_key=None, resource_owner_key=<enter your access token>, client_secret=****, callback_uri=None, client_key=<enter your consumer key>>
2016-07-23 06:11:31,898 - requests_oauthlib.oauth1_auth - DEBUG - Including body in call to sign: True
2016-07-23 06:11:31,899 - oauthlib.oauth1.rfc5849 - DEBUG - Collected params: [(u'delimited', u'length'), (u'oauth_nonce', u'140219892228145719771469254291'), (u'oauth_timestamp', u'1469254291'), (u'oauth_consumer_key', u'<enter your consumer key>'), (u'oauth_signature_method', u'HMAC-SHA1'), (u'oauth_version', u'1.0'), (u'oauth_token', u'<enter your access token>'), (u'track', u'a,the,i,you,u'), (u'language', u'en')]
2016-07-23 06:11:31,899 - oauthlib.oauth1.rfc5849 - DEBUG - Normalized params: delimited=length&language=en&oauth_consumer_key=%3Center%20your%20consumer%20key%3E&oauth_nonce=140219892228145719771469254291&oauth_signature_method=HMAC-SHA1&oauth_timestamp=1469254291&oauth_token=%3Center%20your%20access%20token%3E&oauth_version=1.0&track=a%2Cthe%2Ci%2Cyou%2Cu
2016-07-23 06:11:31,899 - oauthlib.oauth1.rfc5849 - DEBUG - Normalized URI: https://stream.twitter.com/1.1/statuses/filter.json
2016-07-23 06:11:31,899 - oauthlib.oauth1.rfc5849 - DEBUG - Base signing string: POST&https%3A%2F%2Fstream.twitter.com%2F1.1%2Fstatuses%2Ffilter.json&delimited%3Dlength%26language%3Den%26oauth_consumer_key%3D%253Center%2520your%2520consumer%2520key%253E%26oauth_nonce%3D140219892228145719771469254291%26oauth_signature_method%3DHMAC-SHA1%26oauth_timestamp%3D1469254291%26oauth_token%3D%253Center%2520your%2520access%2520token%253E%26oauth_version%3D1.0%26track%3Da%252Cthe%252Ci%252Cyou%252Cu
2016-07-23 06:11:31,909 - oauthlib.oauth1.rfc5849 - DEBUG - Signature: R2AJQ4MTucik6K8Fdke8/t6oLqA=
2016-07-23 06:11:31,909 - requests_oauthlib.oauth1_auth - DEBUG - Updated url: https://stream.twitter.com/1.1/statuses/filter.json?delimited=length
2016-07-23 06:11:31,909 - requests_oauthlib.oauth1_auth - DEBUG - Updated headers: {u'Content-Length': u'39', u'Content-Type': u'application/x-www-form-urlencoded', u'Authorization': u'OAuth oauth_nonce="140219892228145719771469254291", oauth_timestamp="1469254291", oauth_version="1.0", oauth_signature_method="HMAC-SHA1", oauth_consumer_key="%3Center%20your%20consumer%20key%3E", oauth_token="%3Center%20your%20access%20token%3E", oauth_signature="R2AJQ4MTucik6K8Fdke8%2Ft6oLqA%3D"'}
2016-07-23 06:11:31,909 - requests_oauthlib.oauth1_auth - DEBUG - Updated body: u'track=a%2Cthe%2Ci%2Cyou%2Cu&language=en'
2016-07-23 06:11:31,910 - requests.packages.urllib3.connectionpool - INFO - Starting new HTTPS connection (1): stream.twitter.com
2016-07-23 06:11:31,985 - requests.packages.urllib3.connectionpool - DEBUG - "POST /1.1/statuses/filter.json?delimited=length HTTP/1.1" 401 283
2016-07-23 06:11:32,179 - streamparse.storm.component - ERROR - Received EOF while trying to read stdin from Storm, pipe appears to be broken, exiting.
2016-07-23 06:11:36,991 - requests_oauthlib.oauth1_auth - DEBUG - Signing request <PreparedRequest [POST]> using client <Client nonce=None, signature_method=HMAC-SHA1, realm=None, encoding=utf-8, timestamp=None, resource_owner_secret=****, decoding=None, verifier=None, signature_type=AUTH_HEADER, rsa_key=None, resource_owner_key=<enter your access token>, client_secret=****, callback_uri=None, client_key=<enter your consumer key>>
2016-07-23 06:11:36,992 - requests_oauthlib.oauth1_auth - DEBUG - Including body in call to sign: True
2016-07-23 06:11:36,992 - oauthlib.oauth1.rfc5849 - DEBUG - Collected params: [(u'delimited', u'length'), (u'oauth_nonce', u'40655692542608188211469254296'), (u'oauth_timestamp', u'1469254296'), (u'oauth_consumer_key', u'<enter your consumer key>'), (u'oauth_signature_method', u'HMAC-SHA1'), (u'oauth_version', u'1.0'), (u'oauth_token', u'<enter your access token>'), (u'track', u'a,the,i,you,u'), (u'language', u'en')]
2016-07-23 06:11:36,993 - oauthlib.oauth1.rfc5849 - DEBUG - Normalized params: delimited=length&language=en&oauth_consumer_key=%3Center%20your%20consumer%20key%3E&oauth_nonce=40655692542608188211469254296&oauth_signature_method=HMAC-SHA1&oauth_timestamp=1469254296&oauth_token=%3Center%20your%20access%20token%3E&oauth_version=1.0&track=a%2Cthe%2Ci%2Cyou%2Cu
2016-07-23 06:11:36,993 - oauthlib.oauth1.rfc5849 - DEBUG - Normalized URI: https://stream.twitter.com/1.1/statuses/filter.json
2016-07-23 06:11:36,993 - oauthlib.oauth1.rfc5849 - DEBUG - Base signing string: POST&https%3A%2F%2Fstream.twitter.com%2F1.1%2Fstatuses%2Ffilter.json&delimited%3Dlength%26language%3Den%26oauth_consumer_key%3D%253Center%2520your%2520consumer%2520key%253E%26oauth_nonce%3D40655692542608188211469254296%26oauth_signature_method%3DHMAC-SHA1%26oauth_timestamp%3D1469254296%26oauth_token%3D%253Center%2520your%2520access%2520token%253E%26oauth_version%3D1.0%26track%3Da%252Cthe%252Ci%252Cyou%252Cu
2016-07-23 06:11:36,993 - oauthlib.oauth1.rfc5849 - DEBUG - Signature: AsRRNh5lhrf+5Tf/I4k/5y1Y45Q=
2016-07-23 06:11:36,993 - requests_oauthlib.oauth1_auth - DEBUG - Updated url: https://stream.twitter.com/1.1/statuses/filter.json?delimited=length
2016-07-23 06:11:36,993 - requests_oauthlib.oauth1_auth - DEBUG - Updated headers: {u'Content-Length': u'39', u'Content-Type': u'application/x-www-form-urlencoded', u'Authorization': u'OAuth oauth_nonce="40655692542608188211469254296", oauth_timestamp="1469254296", oauth_version="1.0", oauth_signature_method="HMAC-SHA1", oauth_consumer_key="%3Center%20your%20consumer%20key%3E", oauth_token="%3Center%20your%20access%20token%3E", oauth_signature="AsRRNh5lhrf%2B5Tf%2FI4k%2F5y1Y45Q%3D"'}
2016-07-23 06:11:36,994 - requests_oauthlib.oauth1_auth - DEBUG - Updated body: u'track=a%2Cthe%2Ci%2Cyou%2Cu&language=en'
2016-07-23 06:11:36,994 - requests.packages.urllib3.connectionpool - INFO - Starting new HTTPS connection (2): stream.twitter.com
2016-07-23 06:11:37,072 - requests.packages.urllib3.connectionpool - DEBUG - "POST /1.1/statuses/filter.json?delimited=length HTTP/1.1" 401 283
2016-07-23 06:11:47,080 - requests_oauthlib.oauth1_auth - DEBUG - Signing request <PreparedRequest [POST]> using client <Client nonce=None, signature_method=HMAC-SHA1, realm=None, encoding=utf-8, timestamp=None, resource_owner_secret=****, decoding=None, verifier=None, signature_type=AUTH_HEADER, rsa_key=None, resource_owner_key=<enter your access token>, client_secret=****, callback_uri=None, client_key=<enter your consumer key>>
2016-07-23 06:11:47,080 - requests_oauthlib.oauth1_auth - DEBUG - Including body in call to sign: True
2016-07-23 06:11:47,081 - oauthlib.oauth1.rfc5849 - DEBUG - Collected params: [(u'delimited', u'length'), (u'oauth_nonce', u'156965667405000035101469254307'), (u'oauth_timestamp', u'1469254307'), (u'oauth_consumer_key', u'<enter your consumer key>'), (u'oauth_signature_method', u'HMAC-SHA1'), (u'oauth_version', u'1.0'), (u'oauth_token', u'<enter your access token>'), (u'track', u'a,the,i,you,u'), (u'language', u'en')]
2016-07-23 06:11:47,081 - oauthlib.oauth1.rfc5849 - DEBUG - Normalized params: delimited=length&language=en&oauth_consumer_key=%3Center%20your%20consumer%20key%3E&oauth_nonce=156965667405000035101469254307&oauth_signature_method=HMAC-SHA1&oauth_timestamp=1469254307&oauth_token=%3Center%20your%20access%20token%3E&oauth_version=1.0&track=a%2Cthe%2Ci%2Cyou%2Cu
2016-07-23 06:11:47,082 - oauthlib.oauth1.rfc5849 - DEBUG - Normalized URI: https://stream.twitter.com/1.1/statuses/filter.json
2016-07-23 06:11:47,082 - oauthlib.oauth1.rfc5849 - DEBUG - Base signing string: POST&https%3A%2F%2Fstream.twitter.com%2F1.1%2Fstatuses%2Ffilter.json&delimited%3Dlength%26language%3Den%26oauth_consumer_key%3D%253Center%2520your%2520consumer%2520key%253E%26oauth_nonce%3D156965667405000035101469254307%26oauth_signature_method%3DHMAC-SHA1%26oauth_timestamp%3D1469254307%26oauth_token%3D%253Center%2520your%2520access%2520token%253E%26oauth_version%3D1.0%26track%3Da%252Cthe%252Ci%252Cyou%252Cu
2016-07-23 06:11:47,082 - oauthlib.oauth1.rfc5849 - DEBUG - Signature: s9VVYiaRIpTs8NMvuUyTL49RzAk=
2016-07-23 06:11:47,082 - requests_oauthlib.oauth1_auth - DEBUG - Updated url: https://stream.twitter.com/1.1/statuses/filter.json?delimited=length
2016-07-23 06:11:47,082 - requests_oauthlib.oauth1_auth - DEBUG - Updated headers: {u'Content-Length': u'39', u'Content-Type': u'application/x-www-form-urlencoded', u'Authorization': u'OAuth oauth_nonce="156965667405000035101469254307", oauth_timestamp="1469254307", oauth_version="1.0", oauth_signature_method="HMAC-SHA1", oauth_consumer_key="%3Center%20your%20consumer%20key%3E", oauth_token="%3Center%20your%20access%20token%3E", oauth_signature="s9VVYiaRIpTs8NMvuUyTL49RzAk%3D"'}
2016-07-23 06:11:47,082 - requests_oauthlib.oauth1_auth - DEBUG - Updated body: u'track=a%2Cthe%2Ci%2Cyou%2Cu&language=en'
2016-07-23 06:11:47,083 - requests.packages.urllib3.connectionpool - INFO - Starting new HTTPS connection (3): stream.twitter.com
2016-07-23 06:11:47,158 - requests.packages.urllib3.connectionpool - DEBUG - "POST /1.1/statuses/filter.json?delimited=length HTTP/1.1" 401 283
2016-07-23 06:12:07,166 - requests_oauthlib.oauth1_auth - DEBUG - Signing request <PreparedRequest [POST]> using client <Client nonce=None, signature_method=HMAC-SHA1, realm=None, encoding=utf-8, timestamp=None, resource_owner_secret=****, decoding=None, verifier=None, signature_type=AUTH_HEADER, rsa_key=None, resource_owner_key=<enter your access token>, client_secret=****, callback_uri=None, client_key=<enter your consumer key>>
2016-07-23 06:12:07,166 - requests_oauthlib.oauth1_auth - DEBUG - Including body in call to sign: True
2016-07-23 06:12:07,167 - oauthlib.oauth1.rfc5849 - DEBUG - Collected params: [(u'delimited', u'length'), (u'oauth_nonce', u'155458103544861765781469254327'), (u'oauth_timestamp', u'1469254327'), (u'oauth_consumer_key', u'<enter your consumer key>'), (u'oauth_signature_method', u'HMAC-SHA1'), (u'oauth_version', u'1.0'), (u'oauth_token', u'<enter your access token>'), (u'track', u'a,the,i,you,u'), (u'language', u'en')]
2016-07-23 06:12:07,167 - oauthlib.oauth1.rfc5849 - DEBUG - Normalized params: delimited=length&language=en&oauth_consumer_key=%3Center%20your%20consumer%20key%3E&oauth_nonce=155458103544861765781469254327&oauth_signature_method=HMAC-SHA1&oauth_timestamp=1469254327&oauth_token=%3Center%20your%20access%20token%3E&oauth_version=1.0&track=a%2Cthe%2Ci%2Cyou%2Cu
2016-07-23 06:12:07,167 - oauthlib.oauth1.rfc5849 - DEBUG - Normalized URI: https://stream.twitter.com/1.1/statuses/filter.json
2016-07-23 06:12:07,168 - oauthlib.oauth1.rfc5849 - DEBUG - Base signing string: POST&https%3A%2F%2Fstream.twitter.com%2F1.1%2Fstatuses%2Ffilter.json&delimited%3Dlength%26language%3Den%26oauth_consumer_key%3D%253Center%2520your%2520consumer%2520key%253E%26oauth_nonce%3D155458103544861765781469254327%26oauth_signature_method%3DHMAC-SHA1%26oauth_timestamp%3D1469254327%26oauth_token%3D%253Center%2520your%2520access%2520token%253E%26oauth_version%3D1.0%26track%3Da%252Cthe%252Ci%252Cyou%252Cu
2016-07-23 06:12:07,168 - oauthlib.oauth1.rfc5849 - DEBUG - Signature: FbP+zvXK7cHFoNrs4KhqzesYhno=
2016-07-23 06:12:07,168 - requests_oauthlib.oauth1_auth - DEBUG - Updated url: https://stream.twitter.com/1.1/statuses/filter.json?delimited=length
2016-07-23 06:12:07,168 - requests_oauthlib.oauth1_auth - DEBUG - Updated headers: {u'Content-Length': u'39', u'Content-Type': u'application/x-www-form-urlencoded', u'Authorization': u'OAuth oauth_nonce="155458103544861765781469254327", oauth_timestamp="1469254327", oauth_version="1.0", oauth_signature_method="HMAC-SHA1", oauth_consumer_key="%3Center%20your%20consumer%20key%3E", oauth_token="%3Center%20your%20access%20token%3E", oauth_signature="FbP%2BzvXK7cHFoNrs4KhqzesYhno%3D"'}
2016-07-23 06:12:07,168 - requests_oauthlib.oauth1_auth - DEBUG - Updated body: u'track=a%2Cthe%2Ci%2Cyou%2Cu&language=en'
2016-07-23 06:12:07,169 - requests.packages.urllib3.connectionpool - INFO - Starting new HTTPS connection (4): stream.twitter.com
2016-07-23 06:12:07,238 - requests.packages.urllib3.connectionpool - DEBUG - "POST /1.1/statuses/filter.json?delimited=length HTTP/1.1" 401 283
2016-07-23 06:12:47,277 - requests_oauthlib.oauth1_auth - DEBUG - Signing request <PreparedRequest [POST]> using client <Client nonce=None, signature_method=HMAC-SHA1, realm=None, encoding=utf-8, timestamp=None, resource_owner_secret=****, decoding=None, verifier=None, signature_type=AUTH_HEADER, rsa_key=None, resource_owner_key=<enter your access token>, client_secret=****, callback_uri=None, client_key=<enter your consumer key>>
2016-07-23 06:12:47,277 - requests_oauthlib.oauth1_auth - DEBUG - Including body in call to sign: True
2016-07-23 06:12:47,278 - oauthlib.oauth1.rfc5849 - DEBUG - Collected params: [(u'delimited', u'length'), (u'oauth_nonce', u'69616332551767521801469254367'), (u'oauth_timestamp', u'1469254367'), (u'oauth_consumer_key', u'<enter your consumer key>'), (u'oauth_signature_method', u'HMAC-SHA1'), (u'oauth_version', u'1.0'), (u'oauth_token', u'<enter your access token>'), (u'track', u'a,the,i,you,u'), (u'language', u'en')]
2016-07-23 06:12:47,278 - oauthlib.oauth1.rfc5849 - DEBUG - Normalized params: delimited=length&language=en&oauth_consumer_key=%3Center%20your%20consumer%20key%3E&oauth_nonce=69616332551767521801469254367&oauth_signature_method=HMAC-SHA1&oauth_timestamp=1469254367&oauth_token=%3Center%20your%20access%20token%3E&oauth_version=1.0&track=a%2Cthe%2Ci%2Cyou%2Cu
2016-07-23 06:12:47,278 - oauthlib.oauth1.rfc5849 - DEBUG - Normalized URI: https://stream.twitter.com/1.1/statuses/filter.json
2016-07-23 06:12:47,278 - oauthlib.oauth1.rfc5849 - DEBUG - Base signing string: POST&https%3A%2F%2Fstream.twitter.com%2F1.1%2Fstatuses%2Ffilter.json&delimited%3Dlength%26language%3Den%26oauth_consumer_key%3D%253Center%2520your%2520consumer%2520key%253E%26oauth_nonce%3D69616332551767521801469254367%26oauth_signature_method%3DHMAC-SHA1%26oauth_timestamp%3D1469254367%26oauth_token%3D%253Center%2520your%2520access%2520token%253E%26oauth_version%3D1.0%26track%3Da%252Cthe%252Ci%252Cyou%252Cu
2016-07-23 06:12:47,278 - oauthlib.oauth1.rfc5849 - DEBUG - Signature: kVEVin5TCSsKDTeoExsq0P76UV8=
2016-07-23 06:12:47,279 - requests_oauthlib.oauth1_auth - DEBUG - Updated url: https://stream.twitter.com/1.1/statuses/filter.json?delimited=length
2016-07-23 06:12:47,279 - requests_oauthlib.oauth1_auth - DEBUG - Updated headers: {u'Content-Length': u'39', u'Content-Type': u'application/x-www-form-urlencoded', u'Authorization': u'OAuth oauth_nonce="69616332551767521801469254367", oauth_timestamp="1469254367", oauth_version="1.0", oauth_signature_method="HMAC-SHA1", oauth_consumer_key="%3Center%20your%20consumer%20key%3E", oauth_token="%3Center%20your%20access%20token%3E", oauth_signature="kVEVin5TCSsKDTeoExsq0P76UV8%3D"'}
2016-07-23 06:12:47,279 - requests_oauthlib.oauth1_auth - DEBUG - Updated body: u'track=a%2Cthe%2Ci%2Cyou%2Cu&language=en'
2016-07-23 06:12:47,279 - requests.packages.urllib3.connectionpool - INFO - Starting new HTTPS connection (5): stream.twitter.com
2016-07-23 06:12:47,350 - requests.packages.urllib3.connectionpool - DEBUG - "POST /1.1/statuses/filter.json?delimited=length HTTP/1.1" 401 283
